[    0.000000] Initializing cgroup subsys cpuset
[    0.000000] Initializing cgroup subsys cpu
[    0.000000] Initializing cgroup subsys cpuacct
[    0.000000] Linux version 4.4.0-127-generic (buildd@lcy01-amd64-023) (gcc version 5.4.0 20160609 (Ubuntu 5.4.0-6ubuntu1~16.04.9) ) #153-Ubuntu SMP Sat May 19 10:58:46 UTC 2018 (Ubuntu 4.4.0-127.153-generic 4.4.128)
[    0.000000] Command line: BOOT_IMAGE=/boot/vmlinuz-4.4.0-127-generic root=LABEL=cloudimg-rootfs ro console=tty1 console=ttyS0
[    0.000000] KERNEL supported cpus:
[    0.000000]   Intel GenuineIntel
[    0.000000]   AMD AuthenticAMD
[    0.000000]   Centaur CentaurHauls
[    0.000000] x86/fpu: xstate_offset[2]:  576, xstate_sizes[2]:  256
[    0.000000] x86/fpu: Supporting XSAVE feature 0x01: 'x87 floating point registers'
[    0.000000] x86/fpu: Supporting XSAVE feature 0x02: 'SSE registers'
[    0.000000] x86/fpu: Supporting XSAVE feature 0x04: 'AVX registers'
[    0.000000] x86/fpu: Enabled xstate features 0x7, context size is 832 bytes, using 'standard' format.
[    0.000000] x86/fpu: Using 'lazy' FPU context switches.
[    0.000000] e820: BIOS-provided physical RAM map:
[    0.000000] BIOS-e820: [mem 0x0000000000000000-0x000000000009fbff] usable
[    0.000000] BIOS-e820: [mem 0x000000000009fc00-0x000000000009ffff] reserved
[    0.000000] BIOS-e820: [mem 0x00000000000f0000-0x00000000000fffff] reserved
[    0.000000] BIOS-e820: [mem 0x0000000000100000-0x000000003ffeffff] usable
[    0.000000] BIOS-e820: [mem 0x000000003fff0000-0x000000003fffffff] ACPI data
[    0.000000] BIOS-e820: [mem 0x00000000fec00000-0x00000000fec00fff] reserved
[    0.000000] BIOS-e820: [mem 0x00000000fee00000-0x00000000fee00fff] reserved
[    0.000000] BIOS-e820: [mem 0x00000000fffc0000-0x00000000ffffffff] reserved
[    0.000000] NX (Execute Disable) protection: active
[    0.000000] SMBIOS 2.5 present.
[    0.000000] Hypervisor detected: KVM
[    0.000000] e820: last_pfn = 0x3fff0 max_arch_pfn = 0x400000000
[    0.000000] MTRR: Disabled
[    0.000000] x86/PAT: MTRRs disabled, skipping PAT initialization too.
[    0.000000] CPU MTRRs all blank - virtualized system.
[    0.000000] x86/PAT: Configuration [0-7]: WB  WT  UC- UC  WB  WT  UC- UC  
[    0.000000] found SMP MP-table at [mem 0x0009fff0-0x0009ffff] mapped at [ffff88000009fff0]
[    0.000000] Scanning 1 areas for low memory corruption
[    0.000000] RAMDISK: [mem 0x36aa4000-0x37549fff]
[    0.000000] ACPI: Early table checksum verification disabled
[    0.000000] ACPI: RSDP 0x00000000000E0000 000024 (v02 VBOX  )
[    0.000000] ACPI: XSDT 0x000000003FFF0030 00003C (v01 VBOX   VBOXXSDT 00000001 ASL  00000061)
[    0.000000] ACPI: FACP 0x000000003FFF00F0 0000F4 (v04 VBOX   VBOXFACP 00000001 ASL  00000061)
[    0.000000] ACPI: DSDT 0x000000003FFF0470 0021C8 (v02 VBOX   VBOXBIOS 00000002 INTL 20100528)
[    0.000000] ACPI: FACS 0x000000003FFF0200 000040
[    0.000000] ACPI: FACS 0x000000003FFF0200 000040
[    0.000000] ACPI: APIC 0x000000003FFF0240 00005C (v02 VBOX   VBOXAPIC 00000001 ASL  00000061)
[    0.000000] ACPI: SSDT 0x000000003FFF02A0 0001CC (v01 VBOX   VBOXCPUT 00000002 INTL 20100528)
[    0.000000] No NUMA configuration found
[    0.000000] Faking a node at [mem 0x0000000000000000-0x000000003ffeffff]
[    0.000000] NODE_DATA(0) allocated [mem 0x3ffeb000-0x3ffeffff]
[    0.000000] kvm-clock: Using msrs 4b564d01 and 4b564d00
[    0.000000] kvm-clock: cpu 0, msr 0:3ffe3001, primary cpu clock
[    0.000000] kvm-clock: using sched offset of 7203299110 cycles
[    0.000000] clocksource: kvm-clock: mask: 0xffffffffffffffff max_cycles: 0x1cd42e4dffb, max_idle_ns: 881590591483 ns
[    0.000000] Zone ranges:
[    0.000000]   DMA      [mem 0x0000000000001000-0x0000000000ffffff]
[    0.000000]   DMA32    [mem 0x0000000001000000-0x000000003ffeffff]
[    0.000000]   Normal   empty
[    0.000000]   Device   empty
[    0.000000] Movable zone start for each node
[    0.000000] Early memory node ranges
[    0.000000]   node   0: [mem 0x0000000000001000-0x000000000009efff]
[    0.000000]   node   0: [mem 0x0000000000100000-0x000000003ffeffff]
[    0.000000] Initmem setup node 0 [mem 0x0000000000001000-0x000000003ffeffff]
[    0.000000] ACPI: PM-Timer IO Port: 0x4008
[    0.000000] IOAPIC[0]: apic_id 2, version 32, address 0xfec00000, GSI 0-23
[    0.000000] ACPI: INT_SRC_OVR (bus 0 bus_irq 0 global_irq 2 dfl dfl)
[    0.000000] ACPI: INT_SRC_OVR (bus 0 bus_irq 9 global_irq 9 high level)
[    0.000000] Using ACPI (MADT) for SMP configuration information
[    0.000000] smpboot: Allowing 2 CPUs, 0 hotplug CPUs
[    0.000000] PM: Registered nosave memory: [mem 0x00000000-0x00000fff]
[    0.000000] PM: Registered nosave memory: [mem 0x0009f000-0x0009ffff]
[    0.000000] PM: Registered nosave memory: [mem 0x000a0000-0x000effff]
[    0.000000] PM: Registered nosave memory: [mem 0x000f0000-0x000fffff]
[    0.000000] e820: [mem 0x40000000-0xfebfffff] available for PCI devices
[    0.000000] Booting paravirtualized kernel on KVM
[    0.000000] clocksource: refined-jiffies: mask: 0xffffffff max_cycles: 0xffffffff, max_idle_ns: 7645519600211568 ns
[    0.000000] setup_percpu: NR_CPUS:512 nr_cpumask_bits:512 nr_cpu_ids:2 nr_node_ids:1
[    0.000000] PERCPU: Embedded 34 pages/cpu @ffff88003fc00000 s99544 r8192 d31528 u1048576
[    0.000000] PV qspinlock hash table entries: 256 (order: 0, 4096 bytes)
[    0.000000] Built 1 zonelists in Node order, mobility grouping on.  Total pages: 257912
[    0.000000] Policy zone: DMA32
[    0.000000] Kernel command line: BOOT_IMAGE=/boot/vmlinuz-4.4.0-127-generic root=LABEL=cloudimg-rootfs ro console=tty1 console=ttyS0
[    0.000000] PID hash table entries: 4096 (order: 3, 32768 bytes)
[    0.000000] Memory: 1001616K/1048120K available (8537K kernel code, 1313K rwdata, 4000K rodata, 1512K init, 1316K bss, 46504K reserved, 0K cma-reserved)
[    0.000000] SLUB: HWalign=64, Order=0-3, MinObjects=0, CPUs=2, Nodes=1
[    0.000000] Kernel/User page tables isolation: enabled
[    0.000000] Hierarchical RCU implementation.
[    0.000000] 	Build-time adjustment of leaf fanout to 64.
[    0.000000] 	RCU restricting CPUs from NR_CPUS=512 to nr_cpu_ids=2.
[    0.000000] RCU: Adjusting geometry for rcu_fanout_leaf=64, nr_cpu_ids=2
[    0.000000] NR_IRQS:33024 nr_irqs:440 16
[    0.000000] Console: colour VGA+ 80x25
[    0.000000] console [tty1] enabled
[    0.000000] console [ttyS0] enabled
[    0.000000] tsc: Detected 1900.000 MHz processor
[    9.110642] Calibrating delay loop (skipped) preset value.. 3800.00 BogoMIPS (lpj=7600000)
[    9.152205] pid_max: default: 32768 minimum: 301
[    9.172192] ACPI: Core revision 20150930
[    9.252798] ACPI: 2 ACPI AML tables successfully acquired and loaded
[    9.343390] Security Framework initialized
[    9.402139] Yama: becoming mindful.
[    9.498507] AppArmor: AppArmor initialized
[    9.583853] Dentry cache hash table entries: 131072 (order: 8, 1048576 bytes)
[    9.988925] Inode-cache hash table entries: 65536 (order: 7, 524288 bytes)
[   10.108393] Mount-cache hash table entries: 2048 (order: 2, 16384 bytes)
[   10.172441] Mountpoint-cache hash table entries: 2048 (order: 2, 16384 bytes)
[   10.305909] Initializing cgroup subsys io
[   10.364872] Initializing cgroup subsys memory
[   10.438970] Initializing cgroup subsys devices
[   10.473113] Initializing cgroup subsys freezer
[   10.514258] Initializing cgroup subsys net_cls
[   10.550394] Initializing cgroup subsys perf_event
[   10.580992] Initializing cgroup subsys net_prio
[   10.614256] Initializing cgroup subsys hugetlb
[   10.657516] Initializing cgroup subsys pids
[   10.687705] CPU: Physical Processor ID: 0
[   10.715681] CPU: Processor Core ID: 0
[   10.857548] mce: CPU supports 0 MCE banks
[   11.007754] Last level iTLB entries: 4KB 1024, 2MB 1024, 4MB 1024
[   11.101048] Last level dTLB entries: 4KB 1024, 2MB 1024, 4MB 1024, 1GB 4
[   11.238086] Spectre V2 : Mitigation: Full generic retpoline
[   11.387118] Spectre V2 : Speculation control IBPB not-supported IBRS not-supported
[   11.577406] Speculative Store Bypass: Vulnerable
[   11.748242] Freeing SMP alternatives memory: 32K
[   11.906207] ftrace: allocating 32237 entries in 126 pages
[   13.050749] smpboot: APIC(0) Converting physical 0 to logical package 0
[   13.176208] smpboot: Max logical packages: 1
[   13.264584] x2apic enabled
[   13.301112] Switched APIC routing to physical x2apic.
[   13.365129] ..TIMER: vector=0x30 apic1=0 pin1=2 apic2=-1 pin2=-1
[   13.579594] APIC calibration not consistent with PM-Timer: 156ms instead of 100ms
[   13.645333] APIC delta adjusted to PM-Timer: 6246710 (9774444)
[   13.758317] smpboot: CPU0: Intel(R) Core(TM) i5-4250U CPU @ 1.30GHz (family: 0x6, model: 0x45, stepping: 0x1)
[   14.090868] Performance Events: unsupported p6 CPU model 69 no PMU driver, software events only.
[   14.282110] KVM setup paravirtual spinlock
[   14.385172] x86: Booting SMP configuration:
[   14.488720] .... node  #0, CPUs:      #1
[   14.669963] kvm-clock: cpu 1, msr 0:3ffe3041, secondary cpu clock
[   14.810095] mce: CPU supports 0 MCE banks
[   15.210905] x86: Booted up 1 node, 2 CPUs
[   15.237698] smpboot: Total of 2 processors activated (7600.00 BogoMIPS)
[   15.299067] devtmpfs: initialized
[   15.359116] evm: security.selinux
[   15.427129] evm: security.SMACK64
[   15.517989] evm: security.SMACK64EXEC
[   15.638692] evm: security.SMACK64TRANSMUTE
[   15.729219] evm: security.SMACK64MMAP
[   15.786377] evm: security.ima
[   15.826531] evm: security.capability
[   15.866466] clocksource: jiffies: mask: 0xffffffff max_cycles: 0xffffffff, max_idle_ns: 7645041785100000 ns
[   16.007205] futex hash table entries: 512 (order: 3, 32768 bytes)
[   16.114869] pinctrl core: initialized pinctrl subsystem
[   16.200207] RTC time: 14:03:49, date: 05/30/18
[   16.243476] NET: Registered protocol family 16
[   16.294235] cpuidle: using governor ladder
[   16.387307] cpuidle: using governor menu
[   16.497710] PCCT header not found.
[   16.571826] ACPI: bus type PCI registered
[   16.766014] acpiphp: ACPI Hot Plug PCI Controller Driver version: 0.5
[   16.908100] PCI: Using configuration type 1 for base access
[   17.025702] ACPI: Added _OSI(Module Device)
[   17.093128] ACPI: Added _OSI(Processor Device)
[   17.144595] ACPI: Added _OSI(3.0 _SCP Extensions)
[   17.220960] ACPI: Added _OSI(Processor Aggregator Device)
[   17.406102] ACPI: Executed 1 blocks of module-level executable AML code
[   17.551421] ACPI: Interpreter enabled
[   17.671493] ACPI: (supports S0 S5)
[   17.705883] ACPI: Using IOAPIC for interrupt routing
[   17.744851] PCI: Using host bridge windows from ACPI; if necessary, use "pci=nocrs" and report a bug
[   18.188713] ACPI: PCI Root Bridge [PCI0] (domain 0000 [bus 00-ff])
[   18.277645] acpi PNP0A03:00: _OSC: OS supports [ASPM ClockPM Segments MSI]
[   18.342382] acpi PNP0A03:00: _OSC failed (AE_NOT_FOUND); disabling ASPM
[   18.445794] acpi PNP0A03:00: fail to add MMCONFIG information, can't access extended PCI configuration space under this bridge.
[   18.752460] PCI host bridge to bus 0000:00
[   18.838411] pci_bus 0000:00: root bus resource [io  0x0000-0x0cf7 window]
[   18.953655] pci_bus 0000:00: root bus resource [io  0x0d00-0xffff window]
[   19.173456] pci_bus 0000:00: root bus resource [mem 0x000a0000-0x000bffff window]
[   19.300479] pci_bus 0000:00: root bus resource [mem 0x40000000-0xffdfffff window]
[   19.504852] pci_bus 0000:00: root bus resource [bus 00-ff]
[   19.778060] pci 0000:00:01.1: legacy IDE quirk: reg 0x10: [io  0x01f0-0x01f7]
[   19.955379] pci 0000:00:01.1: legacy IDE quirk: reg 0x14: [io  0x03f6]
[   20.157285] pci 0000:00:01.1: legacy IDE quirk: reg 0x18: [io  0x0170-0x0177]
[   20.274983] pci 0000:00:01.1: legacy IDE quirk: reg 0x1c: [io  0x0376]
[   20.617070] pci 0000:00:07.0: quirk: [io  0x4000-0x403f] claimed by PIIX4 ACPI
[   20.711033] pci 0000:00:07.0: quirk: [io  0x4100-0x410f] claimed by PIIX4 SMB
[   21.409354] ACPI: PCI Interrupt Link [LNKA] (IRQs 5 9 10 *11)
[   21.453307] ACPI: PCI Interrupt Link [LNKB] (IRQs 5 9 10 *11)
[   21.537480] ACPI: PCI Interrupt Link [LNKC] (IRQs 5 9 *10 11)
[   21.815570] ACPI: PCI Interrupt Link [LNKD] (IRQs 5 *9 10 11)
[   22.053551] ACPI: Enabled 2 GPEs in block 00 to 07
[   22.085340] vgaarb: setting as boot device: PCI:0000:00:02.0
[   22.117576] vgaarb: device added: PCI:0000:00:02.0,decodes=io+mem,owns=io+mem,locks=none
[   22.245190] vgaarb: loaded
[   22.327193] vgaarb: bridge control possible 0000:00:02.0
[   22.596949] SCSI subsystem initialized
[   22.621359] ACPI: bus type USB registered
[   22.640008] usbcore: registered new interface driver usbfs
[   22.678165] usbcore: registered new interface driver hub
[   22.794678] usbcore: registered new device driver usb
[   22.958899] PCI: Using ACPI for IRQ routing
[   22.997251] NetLabel: Initializing
[   23.031142] NetLabel:  domain hash size = 128
[   23.068233] NetLabel:  protocols = UNLABELED CIPSOv4
[   23.218752] NetLabel:  unlabeled traffic allowed by default
[   23.345034] amd_nb: Cannot enumerate AMD northbridges
[   23.437779] clocksource: Switched to clocksource kvm-clock
[   23.678176] AppArmor: AppArmor Filesystem Enabled
[   23.770836] pnp: PnP ACPI init
[   23.839615] pnp: PnP ACPI: found 3 devices
[   23.876475] clocksource: acpi_pm: mask: 0xffffff max_cycles: 0xffffff, max_idle_ns: 2085701024 ns
[   24.076420] NET: Registered protocol family 2
[   24.110987] TCP established hash table entries: 8192 (order: 4, 65536 bytes)
[   24.168004] TCP bind hash table entries: 8192 (order: 5, 131072 bytes)
[   24.217424] TCP: Hash tables configured (established 8192 bind 8192)
[   24.303328] UDP hash table entries: 512 (order: 2, 16384 bytes)
[   24.410459] UDP-Lite hash table entries: 512 (order: 2, 16384 bytes)
[   24.462931] NET: Registered protocol family 1
[   24.480110] pci 0000:00:00.0: Limiting direct PCI/PCI transfers
[   24.506242] pci 0000:00:01.0: Activating ISA DMA hang workarounds
[   24.545619] Unpacking initramfs...
[   27.405101] hrtimer: interrupt took 22033047 ns
[   40.277419] Freeing initrd memory: 10904K
[   40.319869] RAPL PMU detected, API unit is 2^-32 Joules, 4 fixed counters 10737418240 ms ovfl timer
[   40.391443] hw unit of domain pp0-core 2^-0 Joules
[   40.435292] hw unit of domain package 2^-0 Joules
[   40.483626] hw unit of domain dram 2^-0 Joules
[   40.532219] hw unit of domain pp1-gpu 2^-0 Joules
[   40.547552] platform rtc_cmos: registered platform RTC device (no PNP device found)
[   40.589017] Scanning for low memory corruption every 60 seconds
[   40.626858] audit: initializing netlink subsys (disabled)
[   40.668990] audit: type=2000 audit(1527689043.595:1): initialized
[   40.743012] Initialise system trusted keyring
[   40.774469] HugeTLB registered 2 MB page size, pre-allocated 0 pages
[   40.825225] zbud: loaded
[   40.849786] VFS: Disk quotas dquot_6.6.0
[   40.866788] VFS: Dquot-cache hash table entries: 512 (order 0, 4096 bytes)
[   40.879611] squashfs: version 4.0 (2009/01/31) Phillip Lougher
[   40.926739] fuse init (API version 7.23)
[   40.938558] Key type big_key registered
[   40.991717] Allocating IMA MOK and blacklist keyrings.
[   41.103708] Key type asymmetric registered
[   41.118408] Asymmetric key parser 'x509' registered
[   41.135476] Block layer SCSI generic (bsg) driver version 0.4 loaded (major 249)
[   41.174296] io scheduler noop registered
[   41.182323] io scheduler deadline registered (default)
[   41.206997] io scheduler cfq registered
[   41.218264] pci_hotplug: PCI Hot Plug PCI Core version: 0.5
[   41.236577] pciehp: PCI Express Hot Plug Controller Driver version: 0.4
[   41.246763] ACPI: AC Adapter [AC] (on-line)
[   41.257628] input: Power Button as /devices/LNXSYSTM:00/LNXPWRBN:00/input/input0
[   41.286317] ACPI: Power Button [PWRF]
[   41.300102] input: Sleep Button as /devices/LNXSYSTM:00/LNXSLPBN:00/input/input1
[   41.339637] ACPI: Sleep Button [SLPF]
[   41.360752] ACPI: Battery Slot [BAT0] (battery present)
[   41.390992] GHES: HEST is not enabled!
[   41.463633] Serial: 8250/16550 driver, 32 ports, IRQ sharing enabled
[   41.570888] 00:02: ttyS0 at I/O 0x3f8 (irq = 4, base_baud = 115200) is a 16550A
[   41.606281] tsc: Refined TSC clocksource calibration: 1900.402 MHz
[   41.676680] clocksource: tsc: mask: 0xffffffffffffffff max_cycles: 0x36c94f760f9, max_idle_ns: 881590618549 ns
[   41.678388] Linux agpgart interface v0.103
[   41.703656] loop: module loaded
[   41.731016] scsi host0: ata_piix
[   41.748796] scsi host1: ata_piix
[   41.767133] ata1: PATA max UDMA/33 cmd 0x1f0 ctl 0x3f6 bmdma 0xd000 irq 14
[   41.803570] ata2: PATA max UDMA/33 cmd 0x170 ctl 0x376 bmdma 0xd008 irq 15
[   41.894140] libphy: Fixed MDIO Bus: probed
[   41.935811] tun: Universal TUN/TAP device driver, 1.6
[   42.002491] tun: (C) 1999-2004 Max Krasnyansky <maxk@qualcomm.com>
[   42.025284] PPP generic driver version 2.4.2
[   42.050445] ehci_hcd: USB 2.0 'Enhanced' Host Controller (EHCI) Driver
[   42.073058] ehci-pci: EHCI PCI platform driver
[   42.094348] ehci-platform: EHCI generic platform driver
[   42.112832] ohci_hcd: USB 1.1 'Open' Host Controller (OHCI) Driver
[   42.139845] ohci-pci: OHCI PCI platform driver
[   42.146271] ohci-platform: OHCI generic platform driver
[   42.163646] uhci_hcd: USB Universal Host Controller Interface driver
[   42.185166] i8042: PNP: PS/2 Controller [PNP0303:PS2K,PNP0f03:PS2M] at 0x60,0x64 irq 1,12
[   42.210801] serio: i8042 KBD port at 0x60,0x64 irq 1
[   42.218881] serio: i8042 AUX port at 0x60,0x64 irq 12
[   42.229800] mousedev: PS/2 mouse device common for all mice
[   42.246545] rtc_cmos rtc_cmos: rtc core: registered rtc_cmos as rtc0
[   42.270879] rtc_cmos rtc_cmos: alarms up to one day, 114 bytes nvram
[   42.324978] i2c /dev entries driver
[   42.333174] input: AT Translated Set 2 keyboard as /devices/platform/i8042/serio0/input/input2
[   42.354090] device-mapper: uevent: version 1.0.3
[   42.365072] device-mapper: ioctl: 4.34.0-ioctl (2015-10-28) initialised: dm-devel@redhat.com
[   42.382028] ledtrig-cpu: registered to indicate activity on CPUs
[   42.392802] NET: Registered protocol family 10
[   42.407837] NET: Registered protocol family 17
[   42.418179] Key type dns_resolver registered
[   42.430916] registered taskstats version 1
[   42.439786] Loading compiled-in X.509 certificates
[   42.456087] Loaded X.509 cert 'Build time autogenerated kernel key: 9f6f572a3ee0cb468eb8db4aa61815bc74ef6adb'
[   42.512373] zswap: loaded using pool lzo/zbud
[   42.539365] Key type trusted registered
[   42.556605] Key type encrypted registered
[   42.564202] AppArmor: AppArmor sha1 policy hashing enabled
[   42.583164] ima: No TPM chip found, activating TPM-bypass!
[   42.619723] evm: HMAC attrs: 0x1
[   42.641776]   Magic number: 2:247:82
[   42.666164] rtc_cmos rtc_cmos: setting system clock to 2018-05-30 14:04:15 UTC (1527689055)
[   42.735529] BIOS EDD facility v0.16 2004-Jun-25, 0 devices found
[   42.758624] EDD information not available.
[   42.786721] Freeing unused kernel memory: 1512K
[   42.830245] Write protecting the kernel read-only data: 14336k
[   42.909046] Freeing unused kernel memory: 1692K
[   42.931047] Freeing unused kernel memory: 96K
Loading, please wait...
starting version[   43.010967] random: systemd-udevd: uninitialized urandom read (16 bytes read, 4 bits of entropy available)
 229
[   43.012028] random: udevadm: uninitialized urandom read (16 bytes read, 4 bits of entropy available)
[   43.012073] random: udevadm: uninitialized urandom read (16 bytes read, 4 bits of entropy available)
[   43.032313] random: udevadm: uninitialized urandom read (16 bytes read, 4 bits of entropy available)
[   43.032457] random: udevadm: uninitialized urandom read (16 bytes read, 4 bits of entropy available)
[   43.032918] random: udevadm: uninitialized urandom read (16 bytes read, 4 bits of entropy available)
[   43.033021] random: udevadm: uninitialized urandom read (16 bytes read, 4 bits of entropy available)
[   43.033110] random: udevadm: uninitialized urandom read (16 bytes read, 4 bits of entropy available)
[   43.033201] random: udevadm: uninitialized urandom read (16 bytes read, 4 bits of entropy available)
[   43.033343] random: udevadm: uninitialized urandom read (16 bytes read, 4 bits of entropy available)
[   43.836609] e1000: Intel(R) PRO/1000 Network Driver - version 7.3.21-k8-NAPI
[   43.852985] e1000: Copyright (c) 1999-2006 Intel Corporation.
[   43.867115] Fusion MPT base driver 3.04.20
[   43.885990] Copyright (c) 1999-2008 LSI Corporation
[   43.930456] Fusion MPT SPI Host driver 3.04.20
[   43.978101] AVX version of gcm_enc/dec engaged.
[   44.004404] AES CTR mode by8 optimization enabled
[   44.271400] input: ImExPS/2 Generic Explorer Mouse as /devices/platform/i8042/serio1/input/input4
[   44.536377] e1000 0000:00:03.0 eth0: (PCI:33MHz:32-bit) 02:70:57:db:6d:ee
[   44.576480] e1000 0000:00:03.0 eth0: Intel(R) PRO/1000 Network Connection
[   45.274355] e1000 0000:00:08.0 eth1: (PCI:33MHz:32-bit) 08:00:27:1e:55:d6
[   45.310727] e1000 0000:00:08.0 eth1: Intel(R) PRO/1000 Network Connection
[   45.844324] e1000 0000:00:09.0 eth2: (PCI:33MHz:32-bit) 08:00:27:4b:71:b5
[   45.856409] e1000 0000:00:09.0 eth2: Intel(R) PRO/1000 Network Connection
[   45.896309] e1000 0000:00:03.0 enp0s3: renamed from eth0
[   45.913705] mptbase: ioc0: Initiating bringup
[   45.955455] e1000 0000:00:08.0 enp0s8: renamed from eth1
[   45.998702] ioc0: LSI53C1030 A0: Capabilities={Initiator}
[   46.040916] e1000 0000:00:09.0 enp0s9: renamed from eth2
[   46.268402] scsi host2: ioc0: LSI53C1030 A0, FwRev=00000000h, Ports=1, MaxQ=256, IRQ=20
[   46.487882] scsi 2:0:0:0: Direct-Access     VBOX     HARDDISK         1.0  PQ: 0 ANSI: 5
[   46.515640] scsi target2:0:0: Beginning Domain Validation
[   46.532468] scsi target2:0:0: Domain Validation skipping write tests
[   46.545788] scsi target2:0:0: Ending Domain Validation
[   46.548880] scsi target2:0:0: asynchronous
[   46.562805] scsi 2:0:1:0: Direct-Access     VBOX     HARDDISK         1.0  PQ: 0 ANSI: 5
[   46.584231] scsi target2:0:1: Beginning Domain Validation
[   46.600832] scsi target2:0:1: Domain Validation skipping write tests
[   46.609121] scsi target2:0:1: Ending Domain Validation
[   46.634476] scsi target2:0:1: asynchronous
[   46.666725] sd 2:0:0:0: [sda] 20971520 512-byte logical blocks: (10.7 GB/10.0 GiB)
[   46.667279] sd 2:0:0:0: Attached scsi generic sg0 type 0
[   46.668169] sd 2:0:1:0: Attached scsi generic sg1 type 0
[   46.834932] sd 2:0:1:0: [sdb] 20480 512-byte logical blocks: (10.5 MB/10.0 MiB)
[   46.835445] sd 2:0:0:0: [sda] Write Protect is off
[   46.835632] sd 2:0:0:0: [sda] Incomplete mode parameter data
[   46.835634] sd 2:0:0:0: [sda] Assuming drive cache: write through
[   46.970732]  sda: sda1
[   46.973002] sd 2:0:0:0: [sda] Attached SCSI disk
[   47.180715] sd 2:0:1:0: [sdb] Write Protect is off
[   47.236794] sd 2:0:1:0: [sdb] Incomplete mode parameter data
[   47.365010] sd 2:0:1:0: [sdb] Assuming drive cache: write through
[   47.427752] sd 2:0:1:0: [sdb] Attached SCSI disk
Begin: Loading e[   49.409501] md: linear personality registered for level -1
ssential drivers[   49.467915] md: multipath personality registered for level -4
 ... [   49.507394] md: raid0 personality registered for level 0
[   49.521138] md: raid1 personality registered for level 1
[   49.637882] raid6: sse2x1   gen()  4688 MB/s
[   49.746047] raid6: sse2x1   xor()  4361 MB/s
[   49.837853] raid6: sse2x2   gen()  7248 MB/s
[   49.957901] raid6: sse2x2   xor()  5639 MB/s
[   50.085851] raid6: sse2x4   gen()  7410 MB/s
[   50.199722] raid6: sse2x4   xor()  1656 MB/s
[   50.229580] raid6: using algorithm sse2x4 gen() 7410 MB/s
[   50.260473] raid6: .... xor() 1656 MB/s, rmw enabled
[   50.274710] raid6: using ssse3x2 recovery algorithm
[   50.311115] xor: automatically using best checksumming function:
[   50.374003]    avx       :  8734.000 MB/sec
[   50.399464] async_tx: api initialized (async)
[   50.426837] md: raid6 personality registered for level 6
[   50.444879] md: raid5 personality registered for level 5
[   50.456119] md: raid4 personality registered for level 4
[   50.525821] md: raid10 personality registered for level 10
done.
Begin: Running /scripts/init-premount ... done.
Begin: Mounting root file system ... Begin: Running /scripts/local-top ... done.
Begin: Running /script[   50.642727] Btrfs loaded
s/local-premount ... Scanning for Btrfs filesystems
done.
Warning: fsck no[   50.774021] EXT4-fs (sda1): mounted filesystem with ordered data mode. Opts: (null)
t present, so skipping root file system
done.
Begin: Running /scripts/local-bottom ... done.
Begin: Running /scripts/init-bottom ... done.
[   51.115600] systemd[1]: systemd 229 running in system mode. (+PAM +AUDIT +SELINUX +IMA +APPARMOR +SMACK +SYSVINIT +UTMP +LIBCRYPTSETUP +GCRYPT +GNUTLS +ACL +XZ -LZ4 +SECCOMP +BLKID +ELFUTILS +KMOD -IDN)
[   51.174604] systemd[1]: Detected virtualization oracle.
[   51.193609] systemd[1]: Detected architecture x86-64.

Welcome to [1mUbuntu 16.04.4 LTS[0m!

[   51.258490] systemd[1]: Set hostname to <ubuntu>.
[   51.283946] systemd[1]: Initializing machine ID from random generator.
[   51.313025] systemd[1]: Installed transient /etc/machine-id file.
[   51.728879] systemd[1]: Listening on Journal Socket.
[[0;32m  OK  [0m] Listening on Journal Socket.
[   51.798646] systemd[1]: Reached target Encrypted Volumes.
[[0;32m  OK  [0m] Reached target Encrypted Volumes.
[   51.863105] systemd[1]: Set up automount Arbitrary Executable File Formats File System Automount Point.
[[0;32m  OK  [0m] Set up automount Arbitrary Executab...ats File System Automount Point.
[   51.940458] systemd[1]: Listening on udev Kernel Socket.
[[0;32m  OK  [0m] Listening on udev Kernel Socket.
[   51.974789] systemd[1]: Listening on udev Control Socket.
[[0;32m  OK  [0m] Listening on udev Control Socket.
[   52.082698] systemd[1]: Reached target Swap.
[[0;32m  OK  [0m] Reached target Swap.
[   52.126345] systemd[1]: Reached target User and Group Name Lookups.
[[0;32m  OK  [0m] Reached target User and Group Name Lookups.
[   52.194589] systemd[1]: Listening on LVM2 poll daemon socket.
[[0;32m  OK  [0m] Listening on LVM2 poll daemon socket.
[   52.290482] systemd[1]: Listening on LVM2 metadata daemon socket.
[[0;32m  OK  [0m] Listening on LVM2 metadata daemon socket.
[   52.386731] systemd[1]: Started Forward Password Requests to Wall Directory Watch.
[[0;32m  OK  [0m] Started Forward Password Requests to Wall Directory Watch.
[   52.479236] systemd[1]: Reached target System Time Synchronized.
[[0;32m  OK  [0m] Reached target System Time Synchronized.
[   52.558700] systemd[1]: Listening on /dev/initctl Compatibility Named Pipe.
[[0;32m  OK  [0m] Listening on /dev/initctl Compatibility Named Pipe.
[   52.719038] systemd[1]: Started Trigger resolvconf update for networkd DNS.
[[0;32m  OK  [0m] Started Trigger resolvconf update for networkd DNS.
[   52.751403] systemd[1]: Listening on Syslog Socket.
[[0;32m  OK  [0m] Listening on Syslog Socket.
[   52.812193] systemd[1]: Created slice System Slice.
[[0;32m  OK  [0m] Created slice System Slice.
[   52.902441] systemd[1]: Starting Remount Root and Kernel File Systems...
[   52.903686] random: nonblocking pool is initialized
[   52.910257] EXT4-fs (sda1): re-mounted. Opts: (null)
         Starting Remount Root and Kernel File Systems...
[   53.012089] systemd[1]: Created slice system-serial\x2dgetty.slice.
[[0;32m  OK  [0m] Created slice system-serial\x2dgetty.slice.
[   53.093118] systemd[1]: Mounting Debug File System...
         Mounting Debug File System...
[   53.196891] systemd[1]: Starting Set console keymap...
         Starting Set console keymap...
[   53.274605] systemd[1]: Starting Create list of required static device nodes for the current kernel...
         Starting Create list of required st... nodes for the current kernel...
[   53.347134] systemd[1]: Starting Uncomplicated firewall...
         Starting Uncomplicated firewall...
[   53.566615] systemd[1]: Mounting Huge Pages File System...
         Mounting Huge Pages File System...
[   53.696700] systemd[1]: Starting Nameserver information manager...
         Starting Nameserver information manager...
[   53.749186] systemd[1]: Listening on Journal Audit Socket.
[[0;32m  OK  [0m] Listening on Journal Audit Socket.
[   53.838716] systemd[1]: Starting Load Kernel Modules...
[   53.852682] Loading iSCSI transport class v2.0-870.
         Startin[   53.882842] iscsi: registered transport (tcp)
g Load Kernel Modules...
[   53.951030] systemd[1]: Listening on Journal Socket (/dev/log).
[[0;32m  OK  [0m] Listening on Journal Socket (/dev/log).
[   54.010724] systemd[1]: Starting Journal Service...
[   54.032714] iscsi: registered transport (iser)
         Starting Journal Service...
[   54.261321] systemd[1]: Created slice User and Session Slice.
[[0;32m  OK  [0m] Created slice User and Session Slice.
[   54.498630] systemd[1]: Reached target Slices.
[[0;32m  OK  [0m] Reached target Slices.
[   54.596494] systemd[1]: Listening on Device-mapper event daemon FIFOs.
[[0;32m  OK  [0m] Listening on Device-mapper event daemon FIFOs.
[   54.761947] systemd[1]: Starting Monitoring of LVM2 mirrors, snapshots etc. using dmeventd or progress polling...
         Starting Monitoring of LVM2 mirrors... dmeventd or progress polling...
[   54.842651] systemd[1]: Mounting POSIX Message Queue File System...
         Mounting POSIX Message Queue File System...
[   54.920312] systemd[1]: Mounted POSIX Message Queue File System.
[[0;32m  OK  [0m] Mounted POSIX Message Queue File System.
[   54.947320] systemd[1]: Mounted Huge Pages File System.
[[0;32m  OK  [0m] Mounted Huge Pages File System.
[   55.006967] systemd[1]: Mounted Debug File System.
[[0;32m  OK  [0m] Mounted Debug File System.
[   55.031336] systemd[1]: Started Journal Service.
[[0;32m  OK  [0m] Started Journal Service.
[[0;32m  OK  [0m] Started Remount Root and Kernel File Systems.
[[0;32m  OK  [0m] Started Set console keymap.
[[0;32m  OK  [0m] Started Create list of required sta...ce nodes for the current kernel.
[[0;32m  OK  [0m] Started Uncomplicated firewall.
[[0;32m  OK  [0m] Started Load Kernel Modules.
[[0;32m  OK  [0m] Started Nameserver information manager.
[[0;32m  OK  [0m] Started LVM2 metadata daemon.
         Starting Apply Kernel Variables...
         Mounting FUSE Control File System...
         Starting Create Static Device Nodes in /dev...
         Starting udev Coldplug all Devices...
         Starting Load/Save Random Seed...
         Starting Flush Journal to Persistent Storage...
[[0;32m  OK  [0m] Mounted FUSE Control File System.
[[0;32m  OK  [0m] Started Monitoring of LVM2 mirrors,...ng dmeventd or progress polling.
[[0;32m  OK  [0m] Started Apply Kernel Variables.
[[0;32m  OK  [0m] Started Create Static Device Nodes in /dev.
[[0;32m  OK  [0m] Started Load/Save Random Seed.
[[0;32m  OK  [0m] Started udev Coldplug all Devices.
[[0;32m  OK  [0m] Started Flush Journal to Persistent Storage.
         Starting udev Kernel Device Manager...
[[0;32m  OK  [0m] Started udev Kernel Device Manager.
[[0;32m  OK  [0m] Reached target Local File Systems (Pre).
[[0;32m  OK  [0m] Reached target Local File Systems.
         Starting Initial cloud-init job (pre-networking)...
         Starting LSB: AppArmor initialization...
         Starting Set console font and keymap...
         Starting Commit a transient machine-id on disk...
         Starting Tell Plymouth To Write Out Runtime Data...
         Starting Create Volatile Files and Directories...
[[0;32m  OK  [0m] Started Dispatch Password Requests to Console Directory Watch.
[[0;32m  OK  [0m] Started Commit a transient machine-id on disk.
[[0;32m  OK  [0m] Started Tell Plymouth To Write Out Runtime Data.
[[0;32m  OK  [0m] Started Create Volatile Files and Directories.
         Starting Update UTMP about System Boot/Shutdown...
[[0;32m  OK  [0m] Started Update UTMP about System Boot/Shutdown.
[[0;32m  OK  [0m] Found device /dev/ttyS0.
[[0;32m  OK  [0m] Listening on Load/Save RF Kill Switch Status /dev/rfkill Watch.
[   42.527752] cloud-init[472]: Cloud-init v. 18.2 running 'init-local' at Wed, 30 May 2018 14:04:32 +0000. Up 40.96 seconds.
[[0;32m  OK  [0m] Started LSB: AppArmor initialization.
[[0;32m  OK  [0m] Started Initial cloud-init job (pre-networking).
[[0;32m  OK  [0m] Reached target Network (Pre).
         Starting Raise network interfaces...
[[0;32m  OK  [0m] Started Set console font and keymap.
[[0;32m  OK  [0m] Created slice system-getty.slice.
[[0;32m  OK  [0m] Started Raise network interfaces.
[[0;32m  OK  [0m] Reached target Network.
         Starting Initial cloud-init job (metadata service crawler)...
[   46.563310] cloud-init[988]: Cloud-init v. 18.2 running 'init' at Wed, 30 May 2018 14:04:36 +0000. Up 44.52 seconds.
[   46.630351] cloud-init[988]: ci-info: ++++++++++++++++++++++++++++++++++++++Net device info++++++++++++++++++++++++++++++++++++++
[[0;32m  OK  [0m] Started Initial cloud-init job (metadata service crawler).
[   46.755989] cloud-init[988]: ci-info: +--------+-------+----------------------------+---------------+-------+-------------------+
[   46.941255] cloud-init[988]: ci-info: | Device |   Up  |          Address           |      Mask     | Scope |     Hw-Address    |
[   47.017267] cloud-init[988]: ci-info: +--------+-------+----------------------------+---------------+-------+-------------------+
[   47.140743] cloud-init[988]: ci-info: | enp0s3 |  True |         10.0.2.15          | 255.255.255.0 |   .   | 02:70:57:db:6d:ee |
[[0;32m  OK  [0m] Reached target Network is Online.
[   47.192438] cloud-init[988]: ci-info: | enp0s3 |  True | fe80::70:57ff:fedb:6dee/64 |       .       |  link | 02:70:57:db:6d:ee |
[   47.386041] cloud-init[988]: ci-info: | enp0s8 | False |             .              |       .       |   .   | 08:00:27:1e:55:d6 |
[   47.386274] cloud-init[988]: ci-info: | enp0s9 | False |             .              |       .       |   .   | 08:00:27:4b:71:b5 |
[   47.387144] cloud-init[988]: ci-info: |   lo   |  True |         127.0.0.1          |   255.0.0.0   |   .   |         .         |
[   47.387277] cloud-init[988]: ci-info: |   lo   |  True |          ::1/128           |       .       |  host |         .         |
[   47.387524] cloud-init[988]: ci-info: +--------+-------+----------------------------+---------------+-------+-------------------+
[   47.387652] cloud-init[988]: ci-info: +++++++++++++++++++++++++++Route IPv4 info++++++++++++++++++++++++++++
[   47.387778] cloud-init[988]: ci-info: +-------+-------------+----------+---------------+-----------+-------+
[   47.387902] cloud-init[988]: ci-info: | Route | Destination | Gateway  |    Genmask    | Interface | Flags |
         Starting iSCSI initiator daemon (iscsid)...
[[0;32m  OK  [0m] Reached target System Initialization.
[[0;32m  OK  [0m] Listening on ACPID Listen Socket.
[[0;32m  OK  [0m] Listening on D-Bus System Message Bus Socket.
[   47.388184] cloud-init[988]: ci-info: +-------+-------------+----------+---------------+-----------+-------+
         Starting LXD - unix socket.
[   48.561734] cloud-init[988]: ci-info: |   0   |   0.0.0.0   | 10.0.2.2 |    0.0.0.0    |   enp0s3  |   UG  |
[   48.780892] cloud-init[988]: ci-info: |   1   |   10.0.2.0  | 0.0.0.0  | 255.255.255.0 |   enp0s3  |   U   |
         Starting Socket activation for snappy daemon.
[[0;32m  OK  [0m] Started Daily apt download activities.
[[0;32m  OK  [0m] Started Daily apt upgrade and clean activities.
[[0;32m  OK  [0m] Started Daily Cleanup of Temporary Directories.
[   48.962265] cloud-init[988]: ci-info: +-------+-------------+----------+---------------+-----------+-------+
[   49.273014] cloud-init[988]: Generating public/private rsa key pair.
[   49.344878] cloud-init[988]: Your identification has been saved in /etc/ssh/ssh_host_rsa_key.
[   49.345144] cloud-init[988]: Your public key has been saved in /etc/ssh/ssh_host_rsa_key.pub.
[   49.345880] cloud-init[988]: The key fingerprint is:
[   49.345999] cloud-init[988]: SHA256:Ya6buP4BJq5jMKoVEtXahlseZ9gZRFfzSXMiEq2+Sho root@ubuntu-xenial
[   49.346520] cloud-init[988]: The key's randomart image is:
[   49.346620] cloud-init[988]: +---[RSA 2048]----+
[   49.346736] cloud-init[988]: |  .. oo +++ + .  |
[   49.346870] cloud-init[988]: | .  . .. ..= =   |
[   49.347037] cloud-init[988]: |.  + o oo.  o    |
[   49.347132] cloud-init[988]: | .o * =o..       |
[   49.347262] cloud-init[988]: |. o=o+ .S        |
[   49.347365] cloud-init[988]: |oo.+.. ..        |
[   49.347454] cloud-init[988]: |o.o E +  .       |
[   49.347564] cloud-init[988]: |o+   = +.        |
[   49.347697] cloud-init[988]: |=. .=o=.         |
[   49.347908] cloud-init[988]: +----[SHA256]-----+
[   49.348011] cloud-init[988]: Generating public/private dsa key pair.
[   49.348100] cloud-init[988]: Your identification has been saved in /etc/ssh/ssh_host_dsa_key.
[   49.348189] cloud-init[988]: Your public key has been saved in /etc/ssh/ssh_host_dsa_key.pub.
[   49.348278] cloud-init[988]: The key fingerprint is:
[[0;32m  OK  [0m] Started ACPI Events Check.
[   49.348534] cloud-init[988]: SHA256:vMIwhUaHAHZ3S+5wYWOv3KCrq9+DNuSJqEyKbuth7cY root@ubuntu-xenial
[[0;32m  OK  [0m] Reached target Paths.
[[0;32m  OK  [0m] Reached target Timers.
[[0;32m  OK  [0m] Listening on UUID daemon activation socket.
[   50.399955] [[0;32m  OK  [0m] Reached target Cloud-config availability.
cloud-init[988]: The key's randomart image is:
[   50.625300] cloud-init[988]: +---[DSA 1024]----+
[[0;32m  OK  [0m] Listening on LXD - unix socket.
[[0;32m  OK  [0m] Listening on Socket activation for snappy daemon.
[   50.680719] cloud-init[988]: |.o.o.o.B         |
[[   50.748608] cloud-init[988]: |. ..oo* =        |
[   50.748936] cloud-init[988]: |    o..= .       |
[   50.749353] cloud-init[988]: |   . .*.+        |
[   50.749436] cloud-init[988]: |    o. +S.       |
[   50.749509] cloud-init[988]: |  .. +.  .       |
[   50.749582] cloud-init[988]: |.+=.o.o .        |
[   50.749666] cloud-init[988]: |BooEo. .         |
[   50.749740] cloud-init[988]: |O**=o..          |
[   50.749813] cloud-init[988]: +----[SHA256]-----+
[   50.749884] cloud-init[988]: Generating public/private ecdsa key pair.
[   50.750496] cloud-init[988]: Your identification has been saved in /etc/ssh/ssh_host_ecdsa_key.
[   50.750659] cloud-init[988]: Your public key has been saved in /etc/ssh/ssh_host_ecdsa_key.pub.
[   50.750950] cloud-init[988]: The key fingerprint is:
[   50.751048] cloud-init[988]: SHA256:j0IxrVW9ofXGjP/TApmix4YKhCWH2bJKrLopXHujzQw root@ubuntu-xenial
[   50.751128] cloud-init[988]: The key's randomart image is:
[   50.751204] cloud-init[988]: +---[ECDSA 256]---+
[   50.751278] cloud-init[988]: |          ..     |
[   50.751351] cloud-init[988]: |   +   . .  +    |
[   50.751430] cloud-init[988]: |  = + o o  o B   |
[   50.751498] cloud-init[988]: |.  B   =  . o =  |
[   50.751578] cloud-init[988]: | oo . o S    =   |
[   50.751651] cloud-init[988]: |o. o .   o. + .  |
[   50.751729] cloud-init[988]: |+ .Eo . .+.. . ..|
[   50.751794] cloud-init[988]: |oo .=+ .o +   ..o|
[   50.751880] cloud-init[988]: |=. .o+o. o     ..|
[   50.751954] cloud-init[988]: +----[SHA256]-----+
[   50.752034] cloud-init[988]: Generating public/private ed25519 key pair.[0;32m  OK  [0m] Started iSCSI initiator daemon (iscsid).

[   51.820834] cloud-init[988]: Your identification has been saved in /etc/ssh/ssh_host_ed25519_key.
         Starting Login to default iSCSI targets...
[   51.901074] cloud-init[988]: Your public key has been saved in /etc/ssh/ssh_host_ed25519_key.pub.
[   51.951150] cloud-init[988]: The key fingerprint is:
[[0;32m  OK  [0m] Reached target Sockets.
[   51.952448] [cloud-init[0;32m  OK  [0m[988]: ] SHA256:l5qIzLCySw0sINJAegJ8uIsyivLo0xis7D7iyFtfGcs root@ubuntu-xenialReached target Basic System.

         Starting /etc/rc.local Compatibility...
[   52.126141] cloud-init[988]: The key's randomart image is:
[[0;32m  OK  [0m] Started FUSE filesystem for LXC.
[   52.250701] cloud-init[988]: +--[ED25519 256]--+
[   52.350624]          Starting Virtualbox guest utils...
         Starting System Logging Service...
         Starting Apply the settings specified in cloud-config...
[[0;32m  OK  [0m] Started Unattended Upgrades Shutdown.
cloud-init[988]: |=..              |
         Starting Log         Stopping Session 3 of user vagrant.
[[0;32m  OK  [0m] Closed Load/Save RF Kill Switch          Stopping LXD - container startup/shutdown...
         Stopping Snappy daemon...
         Stopping D-Bus System Message Bus...
         Stopping OpenBSD Secure Shell server...
         Stopping Deferred execution scheduler...
         Stopping LSB: MD monitoring daemon...
         Stopping Unattended Upgrades Shutdown...
         Stopping Accounts Service...
         Stopping LSB: Set the CPU Frequency Scaling governor to "ondemand"...
[[0;32m  OK  [0m] Stopped Daily Cleanup of Temporary Directories.
         Stopping System Logging Service...
[[0;32m  OK  [0m] Unmounted /var/lib/lxcfs.
[[0;32m  OK  [0m] Stopped System Logging Service.
[[0;32m  OK  [0m] Stopped ACPI event daemon.
[[0;32m  OK  [0m] Stopped Deferred execution scheduler.
[[0;32m  OK  [0m] Stopped OpenBSD Secure Shell server.
[[0;32m  OK  [0m] Stopped Regular background program processing daemon.
[[0;32m  OK  [0m] Stopped Accounts Service.
[[0;32m  OK  [0m] Stopped Snappy daemon.
[[0;32m  OK  [0m] Stopped Authenticate and Authorize Users to Run Privileged Tasks.
[[0;32m  OK  [0m] Stopped Getty on tty1.
[[0;32m  OK  [0m] Stopped Serial Getty on ttyS0.
[[0;32m  OK  [0m] Stopped User Manager for UID 1000.
[[0;32m  OK  [0m] Stopped Session 1 of user vagrant.
[[0;32m  OK  [0m] Stopped Elasticsearch.
[[0;32m  OK  [0m] Stopped Session 3 of user vagrant.
[[0;32m  OK  [0m] Stopped D-Bus System Message Bus.
[[0;32m  OK  [0m] Stopped Unattended Upgrades Shutdown.
[[0;32m  OK  [0m] Stopped FUSE filesystem for LXC.
[[0;32m  OK  [0m] Stopped LXD - container startup/shutdown.
[[0;32m  OK  [0m] Stopped LSB: Record successful boot for GRUB.
[[0;32m  OK  [0m] Stopped Virtualbox guest utils.
[[0;32m  OK  [0m] Stopped LSB: daemon to balance interrupts for SMP systems.
[[0;32m  OK  [0m] Stopped LSB: automatic crash report generation.
[[0;32m  OK  [0m] Stopped LSB: MD monitoring daemon.
[[0;32m  OK  [0m] Stopped LSB: Set the CPU Frequency Scaling governor to "ondemand".
[[0;32m  OK  [0m] Removed slice User Slice of vagrant.
         Stopping Login Service...
[[0;32m  OK  [0m] Removed slice system-serial\x2dgetty.slice.
         Stopping Permit User Sessions...
[[0;32m  OK  [0m] Stopped /etc/rc.local Compatibility.
[[0;32m  OK  [0m] Removed slice system-getty.slice.
[[0;32m  OK  [0m] Stopped Permit User Sessions.
[[0;32m  OK  [0m] Stopped Login Service.
[[0;32m  OK  [0m] Stopped target Basic System.
[[0;32m  OK  [0m] Stopped target Slices.
[[0;32m  OK  [0m] Removed slice User and Session Slice.
[[0;32m  OK  [0m] Stopped target Sockets.
[[0;32m  OK  [0m] Closed ACPID Listen Socket.
[[0;32m  OK  [0m] Closed Syslog Socket.
[[0;32m  OK  [0m] Closed D-Bus System Message Bus Socket.
[[0;32m  OK  [0m] Closed Socket activation for snappy daemon.
[[0;32m  OK  [0m] Closed UUID daemon activation socket.
[[0;32m  OK  [0m] Closed LXD - unix socket.
[[0;32m  OK  [0m] Stopped target Paths.
[[0;32m  OK  [0m] Stopped Dispatch Password Requests to Console Directory Watch.
[[0;32m  OK  [0m] Stopped ACPI Events Check.
[[0;32m  OK  [0m] Stopped Forward Password Requests to Wall Directory Watch.
[[0;32m  OK  [0m] Stopped target System Initialization.
[[0;32m  OK  [0m] Stopped target Swap.
         Stopping Update UTMP about System Boot/Shutdown...
[[0;32m  OK  [0m] Stopped target Encrypted Volumes.
         Stopping Load/Save Random Seed...
[[0;32m  OK  [0m] Stopped target User and Group Name Lookups.
[[0;32m  OK  [0m] Stopped target Remote File Systems.
[[0;32m  OK  [0m] Stopped target Remote File Systems (Pre).
         Stopping Login to default iSCSI targets...
[[0;32m  OK  [0m] Stopped Load/Save Random Seed.
[[0;32m  OK  [0m] Stopped Update UTMP about System Boot/Shutdown.
[[0;32m  OK  [0m] Stopped Login to default iSCSI targets.
         Stopping iSCSI initiator daemon (iscsid)...
[[0;32m  OK  [0m] Stopped Create Volatile Files and Directories.
[[0;32m  OK  [0m] Stopped iSCSI initiator daemon (iscsid).
[[0;32m  OK  [0m] Stopped target Network is Online.
[[0;32m  OK  [0m] Stopped Initial cloud-init job (metadata service crawler).
[[0;32m  OK  [0m] Stopped target Network.
         Stopping Raise network interfaces...
[[0;32m  OK  [0m] Stopped Raise network interfaces.
[[0;32m  OK  [0m] Stopped Apply Kernel Variables.
[[0;32m  OK  [0m] Stopped Load Kernel Modules.
[[0;32m  OK  [0m] Stopped target Local File Systems.
         Unmounting /vagrant_data...
         Unmounting /run/user/1000...
[[0;32m  OK  [0m] Stopped target Network (Pre).
[[0;32m  OK  [0m] Stopped Initial cloud-init job (pre-networking).
[[0;32m  OK  [0m] Unmounted /vagrant_data.
[[0;32m  OK  [0m] Unmounted /run/user/1000.
[[0;32m  OK  [0m] Reached target Unmount All Filesystems.
[[0;32m  OK  [0m] Stopped target Local File Systems (Pre).
[[0;32m  OK  [0m] Stopped Create Static Device Nodes in /dev.
[[0;32m  OK  [0m] Stopped Remount Root and Kernel File Systems.
[[0;32m  OK  [0m] Reached target Shutdown.
[  796.324208] reboot: Power down
4YJ3YzDckDtL0t/aWK12O/ICQfLRbiAqf8qIPvDEI2kAWBDuyCMUuKBTdCliHa5XNCxHr6RPIDvL/VtBJaZ8nifVVc7C+rrQ10SXvIrnndS+/0hKUuJ6GykFcKC51SERNKWo8zvBhEYv7YxLmSfjxTVLE5P7uP1RE2XbnCIBxg7XVoruwa+Flj28VK7cdYC4HCSLSHV41bDPF3g+gTKsH5gF root@ubuntu-xenial
-----END SSH HOST KEY KEYS-----
[   65.273722] cloud-init[1451]: Cloud-init v. 18.2 running 'modules:final' at Wed, 30 May 2018 14:04:56 +0000. Up 64.51 seconds.
[   65.276853] cloud-init[1451]: ci-info: no authorized ssh keys fingerprints found for user ubuntu.
[   65.283789] cloud-init[1451]: Cloud-init v. 18.2 finished at Wed, 30 May 2018 14:04:57 +0000. Datasource DataSourceNoCloud [seed=/dev/sdb][dsmode=net].  Up 65.13 seconds
